c:\users\ankur\documents\github\remote code management facility\cppcliclient\reciever\debug\vc120.pdb
c:\users\ankur\documents\github\remote code management facility\cppcliclient\reciever\debug\vc120.idb
c:\users\ankur\documents\github\remote code management facility\cppcliclient\reciever\debug\apphelpers.obj
c:\users\ankur\documents\github\remote code management facility\cppcliclient\reciever\debug\cataloger.obj
c:\users\ankur\documents\github\remote code management facility\cppcliclient\reciever\debug\datastore.obj
c:\users\ankur\documents\github\remote code management facility\cppcliclient\reciever\debug\display.obj
c:\users\ankur\documents\github\remote code management facility\cppcliclient\reciever\debug\filemgr.obj
c:\users\ankur\documents\github\remote code management facility\cppcliclient\reciever\debug\filesystem.obj
c:\users\ankur\documents\github\remote code management facility\cppcliclient\reciever\debug\message.obj
c:\users\ankur\documents\github\remote code management facility\cppcliclient\reciever\debug\msgheader.obj
c:\users\ankur\documents\github\remote code management facility\cppcliclient\reciever\debug\sender.obj
c:\users\ankur\documents\github\remote code management facility\cppcliclient\reciever\debug\sockets.obj
c:\users\ankur\documents\github\remote code management facility\cppcliclient\reciever\debug\windowshelpers.obj
c:\users\ankur\documents\github\remote code management facility\cppcliclient\reciever\debug\reciever.obj
c:\users\ankur\documents\github\remote code management facility\cppcliclient\debug\reciever.ilk
c:\users\ankur\documents\github\remote code management facility\cppcliclient\debug\reciever.exe
c:\users\ankur\documents\github\remote code management facility\cppcliclient\debug\reciever.pdb
c:\users\ankur\documents\github\remote code management facility\cppcliclient\reciever\debug\reciever.tlog\cl.command.1.tlog
c:\users\ankur\documents\github\remote code management facility\cppcliclient\reciever\debug\reciever.tlog\cl.read.1.tlog
c:\users\ankur\documents\github\remote code management facility\cppcliclient\reciever\debug\reciever.tlog\cl.write.1.tlog
c:\users\ankur\documents\github\remote code management facility\cppcliclient\reciever\debug\reciever.tlog\link.command.1.tlog
c:\users\ankur\documents\github\remote code management facility\cppcliclient\reciever\debug\reciever.tlog\link.read.1.tlog
c:\users\ankur\documents\github\remote code management facility\cppcliclient\reciever\debug\reciever.tlog\link.write.1.tlog
