c:\users\ankur\documents\github\remote code management facility\cppcliclient\mockchannel\debug\vc120.pdb
c:\users\ankur\documents\github\remote code management facility\cppcliclient\mockchannel\debug\vc120.idb
c:\users\ankur\documents\github\remote code management facility\cppcliclient\mockchannel\debug\apphelpers.obj
c:\users\ankur\documents\github\remote code management facility\cppcliclient\mockchannel\debug\cataloger.obj
c:\users\ankur\documents\github\remote code management facility\cppcliclient\mockchannel\debug\datastore.obj
c:\users\ankur\documents\github\remote code management facility\cppcliclient\mockchannel\debug\display.obj
c:\users\ankur\documents\github\remote code management facility\cppcliclient\mockchannel\debug\filemgr.obj
c:\users\ankur\documents\github\remote code management facility\cppcliclient\mockchannel\debug\filesystem.obj
c:\users\ankur\documents\github\remote code management facility\cppcliclient\mockchannel\debug\message.obj
c:\users\ankur\documents\github\remote code management facility\cppcliclient\mockchannel\debug\msgheader.obj
c:\users\ankur\documents\github\remote code management facility\cppcliclient\mockchannel\debug\reciever.obj
c:\users\ankur\documents\github\remote code management facility\cppcliclient\mockchannel\debug\sender.obj
c:\users\ankur\documents\github\remote code management facility\cppcliclient\mockchannel\debug\sockets.obj
c:\users\ankur\documents\github\remote code management facility\cppcliclient\mockchannel\debug\cpp11-blockingqueue.obj
c:\users\ankur\documents\github\remote code management facility\cppcliclient\mockchannel\debug\mockchannel.obj
c:\users\ankur\documents\github\remote code management facility\cppcliclient\debug\mockchannel.ilk
c:\users\ankur\documents\github\remote code management facility\cppcliclient\debug\mockchannel.dll
c:\users\ankur\documents\github\remote code management facility\cppcliclient\debug\mockchannel.pdb
c:\users\ankur\documents\github\remote code management facility\cppcliclient\debug\mockchannel.lib
c:\users\ankur\documents\github\remote code management facility\cppcliclient\debug\mockchannel.exp
c:\users\ankur\documents\github\remote code management facility\cppcliclient\mockchannel\debug\mockchannel.tlog\cl.command.1.tlog
c:\users\ankur\documents\github\remote code management facility\cppcliclient\mockchannel\debug\mockchannel.tlog\cl.read.1.tlog
c:\users\ankur\documents\github\remote code management facility\cppcliclient\mockchannel\debug\mockchannel.tlog\cl.write.1.tlog
c:\users\ankur\documents\github\remote code management facility\cppcliclient\mockchannel\debug\mockchannel.tlog\link.command.1.tlog
c:\users\ankur\documents\github\remote code management facility\cppcliclient\mockchannel\debug\mockchannel.tlog\link.read.1.tlog
c:\users\ankur\documents\github\remote code management facility\cppcliclient\mockchannel\debug\mockchannel.tlog\link.write.1.tlog
c:\users\ankur\documents\github\remote code management facility\cppcliclient\mockchannel\debug\mockchannel.tlog\mockchannel.write.1u.tlog
