Build started 4/29/2015 8:03:42 PM.
     1>Project "C:\Users\Ankur\Documents\GitHub\RemoteCodeManagementFacility_Ankur_Pandey\CppCliClient\CppCliClient\CppCliClient.vcxproj" on node 2 (Build target(s)).
     1>ClCompile:
         C:\Program Files (x86)\Microsoft Visual Studio 12.0\VC\bin\CL.exe /c /AI"C:\Program Files (x86)\Reference Assemblies\Microsoft\Framework\.NETFramework\v4.0" /AI"C:\Program Files (x86)\Windows Kits\8.1\References\CommonConfiguration\Neutral" /Zi /clr /nologo /W3 /WX- /sdl /Od /Oy- /D _MBCS /D _MBCS /EHa /MDd /GS /fp:precise /Zc:wchar_t /Zc:forScope /Fo"Debug\\" /Fd"Debug\vc120.pdb" /TP /FU"C:\Program Files (x86)\Reference Assemblies\Microsoft\Framework\.NETFramework\v4.0\mscorlib.dll" /FU"C:\Program Files (x86)\Reference Assemblies\Microsoft\Framework\.NETFramework\v4.0\PresentationCore.dll" /FU"C:\Program Files (x86)\Reference Assemblies\Microsoft\Framework\.NETFramework\v4.0\PresentationFramework.dll" /FU"C:\Program Files (x86)\Reference Assemblies\Microsoft\Framework\.NETFramework\v4.0\System.Core.dll" /FU"C:\Program Files (x86)\Reference Assemblies\Microsoft\Framework\.NETFramework\v4.0\System.dll" /FU"C:\Program Files (x86)\Reference Assemblies\Microsoft\Framework\.NETFramework\v4.0\System.Windows.Forms.dll" /FU"C:\Program Files (x86)\Reference Assemblies\Microsoft\Framework\.NETFramework\v4.0\System.Windows.Presentation.dll" /FU"C:\Program Files (x86)\Reference Assemblies\Microsoft\Framework\.NETFramework\v4.0\WindowsBase.dll" /analyze- /errorReport:prompt /clr:nostdlib ..\Message\Message.cpp ..\MsgHeader\MsgHeader.cpp Window.cpp
         Message.cpp
         MsgHeader.cpp
         Window.cpp
         Generating Code...
         C:\Program Files (x86)\Microsoft Visual Studio 12.0\VC\bin\CL.exe /c /Zi /clr /nologo /W3 /WX- /sdl /Od /Oy- /D _MBCS /D _MBCS /EHa /MDd /GS /fp:precise /Zc:wchar_t /Zc:forScope /Fo"Debug\\" /Fd"Debug\vc120.pdb" /TP /analyze- /errorReport:prompt "C:\Users\Ankur\AppData\Local\Temp\.NETFramework,Version=v4.0.AssemblyAttributes.cpp"
         .NETFramework,Version=v4.0.AssemblyAttributes.cpp
       Link:
         C:\Program Files (x86)\Microsoft Visual Studio 12.0\VC\bin\link.exe /ERRORREPORT:PROMPT /OUT:"C:\Users\Ankur\Documents\GitHub\RemoteCodeManagementFacility_Ankur_Pandey\CppCliClient\Debug\CppCliClient.exe" /INCREMENTAL /NOLOGO kernel32.lib user32.lib gdi32.lib winspool.lib comdlg32.lib advapi32.lib shell32.lib ole32.lib oleaut32.lib uuid.lib odbc32.lib odbccp32.lib /MANIFEST /MANIFESTUAC:"level='asInvoker' uiAccess='false'" /manifest:embed /DEBUG /PDB:"C:\Users\Ankur\Documents\GitHub\RemoteCodeManagementFacility_Ankur_Pandey\CppCliClient\Debug\CppCliClient.pdb" /ASSEMBLYDEBUG /SUBSYSTEM:CONSOLE /TLBID:1 /DYNAMICBASE /FIXED:NO /NXCOMPAT /MACHINE:X86 Debug\Message.obj
         Debug\MsgHeader.obj
         Debug\Window.obj
         "Debug\.NETFramework,Version=v4.0.AssemblyAttributes.obj"
         C:\Users\Ankur\Documents\GitHub\RemoteCodeManagementFacility_Ankur_Pandey\CppCliClient\Debug\MockChannel.lib
         CppCliClient.vcxproj -> C:\Users\Ankur\Documents\GitHub\RemoteCodeManagementFacility_Ankur_Pandey\CppCliClient\Debug\CppCliClient.exe
     1>Done Building Project "C:\Users\Ankur\Documents\GitHub\RemoteCodeManagementFacility_Ankur_Pandey\CppCliClient\CppCliClient\CppCliClient.vcxproj" (Build target(s)).

Build succeeded.

Time Elapsed 00:00:07.42
