c:\users\ankur\documents\github\remote code management facility\cppcliclient\executiveserver\debug\vc120.pdb
c:\users\ankur\documents\github\remote code management facility\cppcliclient\executiveserver\debug\vc120.idb
c:\users\ankur\documents\github\remote code management facility\cppcliclient\executiveserver\debug\apphelpers.obj
c:\users\ankur\documents\github\remote code management facility\cppcliclient\executiveserver\debug\cataloger.obj
c:\users\ankur\documents\github\remote code management facility\cppcliclient\executiveserver\debug\datastore.obj
c:\users\ankur\documents\github\remote code management facility\cppcliclient\executiveserver\debug\display.obj
c:\users\ankur\documents\github\remote code management facility\cppcliclient\executiveserver\debug\filemgr.obj
c:\users\ankur\documents\github\remote code management facility\cppcliclient\executiveserver\debug\filesystem.obj
c:\users\ankur\documents\github\remote code management facility\cppcliclient\executiveserver\debug\message.obj
c:\users\ankur\documents\github\remote code management facility\cppcliclient\executiveserver\debug\msgheader.obj
c:\users\ankur\documents\github\remote code management facility\cppcliclient\executiveserver\debug\reciever.obj
c:\users\ankur\documents\github\remote code management facility\cppcliclient\executiveserver\debug\sender.obj
c:\users\ankur\documents\github\remote code management facility\cppcliclient\executiveserver\debug\sockets.obj
c:\users\ankur\documents\github\remote code management facility\cppcliclient\executiveserver\debug\executiveserver.obj
c:\users\ankur\documents\github\remote code management facility\cppcliclient\debug\executiveserver.ilk
c:\users\ankur\documents\github\remote code management facility\cppcliclient\debug\executiveserver.exe
c:\users\ankur\documents\github\remote code management facility\cppcliclient\debug\executiveserver.pdb
c:\users\ankur\documents\github\remote code management facility\cppcliclient\executiveserver\debug\executiveserver.tlog\cl.command.1.tlog
c:\users\ankur\documents\github\remote code management facility\cppcliclient\executiveserver\debug\executiveserver.tlog\cl.read.1.tlog
c:\users\ankur\documents\github\remote code management facility\cppcliclient\executiveserver\debug\executiveserver.tlog\cl.write.1.tlog
c:\users\ankur\documents\github\remote code management facility\cppcliclient\executiveserver\debug\executiveserver.tlog\link.command.1.tlog
c:\users\ankur\documents\github\remote code management facility\cppcliclient\executiveserver\debug\executiveserver.tlog\link.read.1.tlog
c:\users\ankur\documents\github\remote code management facility\cppcliclient\executiveserver\debug\executiveserver.tlog\link.write.1.tlog
